<?xml version="1.0" encoding="UTF-8"?>
<testng-results skipped="0" failed="0" ignored="0" total="1" passed="1">
  <reporter-output>
  </reporter-output>
  <suite name="Default suite" duration-ms="39632" started-at="2020-03-29T23:12:49 IST" finished-at="2020-03-29T23:13:29 IST">
    <groups>
    </groups>
    <test name="Default test" duration-ms="39632" started-at="2020-03-29T23:12:49 IST" finished-at="2020-03-29T23:13:29 IST">
      <class name="gittesting.GitHubTesting">
        <test-method status="PASS" signature="guru99tutorials()[pri:0, instance:gittesting.GitHubTesting@698dc7]" name="guru99tutorials" duration-ms="39578" started-at="2020-03-29T23:12:49 IST" finished-at="2020-03-29T23:13:29 IST">
          <reporter-output>
          </reporter-output>
        </test-method> <!-- guru99tutorials -->
      </class> <!-- gittesting.GitHubTesting -->
    </test> <!-- Default test -->
  </suite> <!-- Default suite -->
</testng-results>
